Arguments: 
  C:\Program Files\nodejs\node.exe C:\Program Files (x86)\Yarn\bin\yarn.js

PATH: 
  C:\Program Files (x86)\Google\Chrome\Application;C:\Program Files (x86)\Common Files\Intel\Shared Libraries\redist\intel64\compiler;C:\Windows\system32;C:\Windows;C:\Windows\System32\Wbem;C:\Windows\System32\WindowsPowerShell\v1.0\;C:\Windows\System32\OpenSSH\;C:\Users\gulino-io\AppData\Local\Programs\Python\Python35-32\\;C:\Users\gulino-io\AppData\Local\Programs\Python\Python35-32\\Scripts\;C:\Program Files\nodejs\;C:\src\flutter\bin;C:\Program Files\dotnet\;C:\Program Files\NVIDIA Corporation\NVIDIA NvDLISR;C:\Program Files (x86)\NVIDIA Corporation\PhysX\Common;C:\Program Files\Git\cmd;C:\Program Files (x86)\Yarn\bin\;C:\Users\gulino-io\.windows-build-tools\python27\;C:\Program Files\nodejs\node_modules\npm\node_modules\npm-lifecycle\node-gyp-bin;C:\Users\gulino-io\AppData\Roaming\npm\node_modules\windows-build-tools\node_modules\.bin;C:\Users\gulino-io\AppData\Roaming\npm\node_modules\.bin;C:\Program Files (x86)\Common Files\Intel\Shared Libraries\redist\intel64\compiler;C:\Windows\system32;C:\Windows;C:\Windows\System32\Wbem;C:\Windows\System32\WindowsPowerShell\v1.0\;C:\Windows\System32\OpenSSH\;C:\Users\gulino-io\AppData\Local\Programs\Python\Python35-32\\;C:\Users\gulino-io\AppData\Local\Programs\Python\Python35-32\\Scripts\;C:\Program Files\nodejs\;C:\src\flutter\bin;C:\Program Files\dotnet\;C:\Program Files\NVIDIA Corporation\NVIDIA NvDLISR;C:\Program Files (x86)\NVIDIA Corporation\PhysX\Common;C:\Program Files\Git\cmd;C:\Users\gulino-io\.windows-build-tools\python27\;C:\Program Files\nodejs\node_modules\npm\node_modules\npm-lifecycle\node-gyp-bin;C:\Users\gulino-io\AppData\Roaming\npm\node_modules\windows-build-tools\node_modules\.bin;C:\Users\gulino-io\AppData\Roaming\npm\node_modules\.bin;C:\Users\gulino-io\.windows-build-tools\python27\;C:\Program Files\nodejs\node_modules\npm\node_modules\npm-lifecycle\node-gyp-bin;C:\Users\gulino-io\AppData\Roaming\npm\node_modules\windows-build-tools\node_modules\.bin;C:\Users\gulino-io\AppData\Roaming\npm\node_modules\.bin;C:\ProgramData\DockerDesktop\version-bin;C:\Program Files\Docker\Docker\Resources\bin;C:\Users\gulino-io\AppData\Local\Microsoft\WindowsApps;C:\Users\gulino-io\AppData\Local\Programs\Microsoft VS Code\bin;C:\Users\gulino-io\AppData\Roaming\npm;C:\Users\gulino-io\AppData\Local\GitHubDesktop\bin;C:\Users\gulino-io\AppData\Local\Yarn\bin;C:\Users\gulino-io\AppData\Local\hyper\app-2.1.2\resources\bin

Yarn version: 
  1.15.2

Node version: 
  10.15.1

Platform: 
  win32 x64

Trace: 
  SyntaxError: D:\Gulino975\Documents\GitHub\copy-kat\package.json: Unexpected token } in JSON at position 652
      at JSON.parse (<anonymous>)
      at C:\Program Files (x86)\Yarn\lib\cli.js:1625:59
      at Generator.next (<anonymous>)
      at step (C:\Program Files (x86)\Yarn\lib\cli.js:304:30)
      at C:\Program Files (x86)\Yarn\lib\cli.js:315:13

npm manifest: 
  {
    "name": "copy-kat",
    "version": "0.1.0",
    "description": "Manage local projects efficiently through the power of Electron.",
    "devDependencies": {
      "electron": "^1.4.14",
      "react-scripts": "0.8.5"
    },
    "dependencies": {
      "react": "^15.4.2",
      "react-dom": "^15.4.2"
    },
    "main": "src/main.js",
    "scripts": {
      "start": "react-scripts start",
      "build": "react-scripts build",
      "test": "react-scripts test --env=jsdom",
      "eject": "react-scripts eject",
      "electron": "electron ."
    },
    "repository": "https://github.com/hgulino/copy-kat.git",
    "author": "Hunter Gulino <huntergulino@gmail.com>",
    "license": "MIT",
  }

yarn manifest: 
  No manifest

Lockfile: 
  # THIS IS AN AUTOGENERATED FILE. DO NOT EDIT THIS FILE DIRECTLY.
  # yarn lockfile v1
